<?xml version="1.0" encoding="UTF-8"?>
<!-- Generated by org.testng.reporters.JUnitReportReporter -->
<testsuite skipped="0" hostname="DESKTOP-295MOJQ" name="packOne.ClassOne" tests="1" failures="0" timestamp="11 Nov 2020 09:53:23 GMT" time="36.878" errors="0">
  <testcase name="methodOneA" time="36.878" classname="packOne.ClassOne"/>
</testsuite> <!-- packOne.ClassOne -->
