<?xml version="1.0" encoding="UTF-8"?>
<!-- Generated by org.testng.reporters.JUnitReportReporter -->
<testsuite skipped="0" hostname="DESKTOP-295MOJQ" name="packOne.ClassTwo" tests="2" failures="0" timestamp="11 Nov 2020 09:53:23 GMT" time="11.817" errors="0">
  <testcase name="methodTwoA" time="11.816" classname="packOne.ClassTwo"/>
  <testcase name="methodTwoB" time="0.001" classname="packOne.ClassTwo"/>
</testsuite> <!-- packOne.ClassTwo -->
