<?xml version="1.0" encoding="UTF-8"?>
<!-- Generated by org.testng.reporters.JUnitReportReporter -->
<testsuite skipped="0" hostname="DESKTOP-295MOJQ" name="packOne.ClassTwo" tests="2" failures="0" timestamp="02 Nov 2020 12:04:02 GMT" time="7.677" errors="0">
  <testcase name="methodTwoB" time="0.002" classname="packOne.ClassTwo"/>
  <testcase name="methodTwoA" time="7.675" classname="packOne.ClassTwo"/>
</testsuite> <!-- packOne.ClassTwo -->
