<?xml version="1.0" encoding="UTF-8"?>
<!-- Generated by org.testng.reporters.JUnitReportReporter -->
<testsuite skipped="0" hostname="DESKTOP-295MOJQ" name="packOne.ClassFour" tests="1" failures="0" timestamp="02 Nov 2020 12:04:02 GMT" time="8.647" errors="0">
  <testcase name="methodFourA" time="8.647" classname="packOne.ClassFour"/>
</testsuite> <!-- packOne.ClassFour -->
